
======================================================================
HIGH-RESOLUTION IETS: Benzene Quasi-3D
======================================================================

Configuration:
  Device: GaAs_AlAs_symmetric
  Molecule: Benzene
  Quasi-3D: 3×3 = 9 transverse modes
  Energy grid: 50 points (-0.2 to 1.0 eV)
  Bias sweep: 41 points (0.0 to 0.4 V)
  Resolution: ΔV = 10.0 mV
  SCBA: max 50 iterations, tol=1e-02

Estimated time: 3534 seconds (58.9 minutes)

======================================================================
RUNNING HIGH-RESOLUTION SIMULATION...
======================================================================
(This will take ~60 minutes)

======================================================================
IETS SIMULATION: Benzene on GaAs_AlAs_symmetric
======================================================================

[1/5] Setting up device and molecule...
  Transverse modes: 9 total (3×3)
    Mode energies: 0.011 to 0.101 meV
    Dimensions: Ly=1.00 µm, Lz=1.00 µm
  Device: 71 grid points, 21.0 nm
  Molecule: Benzene (5 vibrational modes)
  Total phonon modes: 6 (1 bulk + 5 molecular)
  Mode-dependent molecular coupling:
    First vibrational mode: D_min=0.000 meV, D_max=5.000 meV
    Modes with >1% coupling: 4/9

[2/5] Creating energy grid...
  Energy range: -0.20 to 1.00 eV
  Points: 50 (dE = 24.5 meV)

[3/5] Computing contact self-energies...
  Contact broadenings computed for 50 energies

[4/5] Running bias sweep...
  Voltage: 0.00 to 0.40 V (41 points)

  --- Bias 1/41: V = 0.000 V ---
  Multimode SCBA: 9 transverse modes, 50 energies, 71 sites
  Iteration   0: residual = 3.615487e+01
  Iteration   1: residual = 2.349488e+01
  Iteration   2: residual = 1.495846e+01
  Iteration   3: residual = 9.548273e+00
  Iteration   4: residual = 7.396166e+00
  Iteration   5: residual = 5.862059e+00
  Iteration  10: residual = 1.539237e+00
  Iteration  15: residual = 4.873529e-01
  Iteration  20: residual = 1.564856e-01
  Iteration  25: residual = 5.726486e-02
  Iteration  30: residual = 2.223733e-02
  Iteration  35: residual = 9.040877e-03
  ✓ Converged after 36 iterations
  ✓ I = 0.000 pA (iterations: 36)

  --- Bias 2/41: V = 0.010 V ---
  Multimode SCBA: 9 transverse modes, 50 energies, 71 sites
  Iteration   0: residual = 3.615487e+01
  Iteration   1: residual = 2.349488e+01
  Iteration   2: residual = 1.495846e+01
  Iteration   3: residual = 9.548273e+00
  Iteration   4: residual = 7.396166e+00
  Iteration   5: residual = 5.862059e+00
  Iteration  10: residual = 1.539237e+00
  Iteration  15: residual = 4.873529e-01
  Iteration  20: residual = 1.564856e-01
  Iteration  25: residual = 5.726486e-02
  Iteration  30: residual = 2.223733e-02
  Iteration  35: residual = 9.040877e-03
  ✓ Converged after 36 iterations
  ✓ I = 1403.671 pA (iterations: 36)

  --- Bias 3/41: V = 0.020 V ---
  Multimode SCBA: 9 transverse modes, 50 energies, 71 sites
  Iteration   0: residual = 3.615487e+01
  Iteration   1: residual = 2.349488e+01
  Iteration   2: residual = 1.495846e+01
  Iteration   3: residual = 9.548273e+00
  Iteration   4: residual = 7.396166e+00
  Iteration   5: residual = 5.862059e+00
  Iteration  10: residual = 1.539237e+00
  Iteration  15: residual = 4.873529e-01
  Iteration  20: residual = 1.564856e-01
  Iteration  25: residual = 5.726486e-02
  Iteration  30: residual = 2.223733e-02
  Iteration  35: residual = 9.040877e-03
  ✓ Converged after 36 iterations
  ✓ I = 2857.852 pA (iterations: 36)

  --- Bias 4/41: V = 0.030 V ---
  Multimode SCBA: 9 transverse modes, 50 energies, 71 sites
  Iteration   0: residual = 3.615487e+01
  Iteration   1: residual = 2.349488e+01
  Iteration   2: residual = 1.495846e+01
  Iteration   3: residual = 9.548273e+00
  Iteration   4: residual = 7.396166e+00
  Iteration   5: residual = 5.862059e+00
  Iteration  10: residual = 1.539237e+00
  Iteration  15: residual = 4.873529e-01
  Iteration  20: residual = 1.564856e-01
  Iteration  25: residual = 5.726486e-02
  Iteration  30: residual = 2.223733e-02
  Iteration  35: residual = 9.040877e-03
  ✓ Converged after 36 iterations
  ✓ I = 4414.734 pA (iterations: 36)

  --- Bias 5/41: V = 0.040 V ---
  Multimode SCBA: 9 transverse modes, 50 energies, 71 sites
  Iteration   0: residual = 3.615487e+01
  Iteration   1: residual = 2.349488e+01
  Iteration   2: residual = 1.495846e+01
  Iteration   3: residual = 9.548273e+00
  Iteration   4: residual = 7.396166e+00
  Iteration   5: residual = 5.862059e+00
  Iteration  10: residual = 1.539237e+00
  Iteration  15: residual = 4.873529e-01
  Iteration  20: residual = 1.564856e-01
  Iteration  25: residual = 5.726486e-02
  Iteration  30: residual = 2.223733e-02
  Iteration  35: residual = 9.040877e-03
  ✓ Converged after 36 iterations
  ✓ I = 6129.927 pA (iterations: 36)

  --- Bias 6/41: V = 0.050 V ---
  Multimode SCBA: 9 transverse modes, 50 energies, 71 sites
  Iteration   0: residual = 3.615487e+01
  Iteration   1: residual = 2.349488e+01
  Iteration   2: residual = 1.495846e+01
  Iteration   3: residual = 9.548273e+00
  Iteration   4: residual = 7.396166e+00
  Iteration   5: residual = 5.862059e+00
  Iteration  10: residual = 1.539237e+00
  Iteration  15: residual = 4.873529e-01
  Iteration  20: residual = 1.564856e-01
  Iteration  25: residual = 5.726486e-02
  Iteration  30: residual = 2.223733e-02
  Iteration  35: residual = 9.040877e-03
  ✓ Converged after 36 iterations
  ✓ I = 8064.306 pA (iterations: 36)

  --- Bias 7/41: V = 0.060 V ---
  Multimode SCBA: 9 transverse modes, 50 energies, 71 sites
  Iteration   0: residual = 3.615487e+01
  Iteration   1: residual = 2.349488e+01
  Iteration   2: residual = 1.495846e+01
  Iteration   3: residual = 9.548273e+00
  Iteration   4: residual = 7.396166e+00
  Iteration   5: residual = 5.862059e+00
  Iteration  10: residual = 1.539237e+00
  Iteration  15: residual = 4.873529e-01
  Iteration  20: residual = 1.564856e-01
  Iteration  25: residual = 5.726486e-02
  Iteration  30: residual = 2.223733e-02
  Iteration  35: residual = 9.040877e-03
  ✓ Converged after 36 iterations
  ✓ I = 10286.045 pA (iterations: 36)

  --- Bias 8/41: V = 0.070 V ---
  Multimode SCBA: 9 transverse modes, 50 energies, 71 sites
  Iteration   0: residual = 3.615487e+01
  Iteration   1: residual = 2.349488e+01
  Iteration   2: residual = 1.495846e+01
  Iteration   3: residual = 9.548273e+00
  Iteration   4: residual = 7.396166e+00
  Iteration   5: residual = 5.862059e+00
  Iteration  10: residual = 1.539237e+00
  Iteration  15: residual = 4.873529e-01
  Iteration  20: residual = 1.564856e-01
  Iteration  25: residual = 5.726486e-02
  Iteration  30: residual = 2.223733e-02
  Iteration  35: residual = 9.040877e-03
  ✓ Converged after 36 iterations
  ✓ I = 12872.907 pA (iterations: 36)

  --- Bias 9/41: V = 0.080 V ---
  Multimode SCBA: 9 transverse modes, 50 energies, 71 sites
  Iteration   0: residual = 3.615487e+01
  Iteration   1: residual = 2.349488e+01
  Iteration   2: residual = 1.495846e+01
  Iteration   3: residual = 9.548273e+00
  Iteration   4: residual = 7.396166e+00
  Iteration   5: residual = 5.862059e+00
  Iteration  10: residual = 1.539237e+00
  Iteration  15: residual = 4.873529e-01
  Iteration  20: residual = 1.564856e-01
  Iteration  25: residual = 5.726486e-02
  Iteration  30: residual = 2.223733e-02
  Iteration  35: residual = 9.040877e-03
  ✓ Converged after 36 iterations
  ✓ I = 15914.897 pA (iterations: 36)

  --- Bias 10/41: V = 0.090 V ---
  Multimode SCBA: 9 transverse modes, 50 energies, 71 sites
  Iteration   0: residual = 3.615487e+01
  Iteration   1: residual = 2.349488e+01
  Iteration   2: residual = 1.495846e+01
  Iteration   3: residual = 9.548273e+00
  Iteration   4: residual = 7.396166e+00
  Iteration   5: residual = 5.862059e+00
  Iteration  10: residual = 1.539237e+00
  Iteration  15: residual = 4.873529e-01
  Iteration  20: residual = 1.564856e-01
  Iteration  25: residual = 5.726486e-02
  Iteration  30: residual = 2.223733e-02
  Iteration  35: residual = 9.040877e-03
  ✓ Converged after 36 iterations
  ✓ I = 19517.383 pA (iterations: 36)

  --- Bias 11/41: V = 0.100 V ---
  Multimode SCBA: 9 transverse modes, 50 energies, 71 sites
  Iteration   0: residual = 3.615487e+01
  Iteration   1: residual = 2.349488e+01
  Iteration   2: residual = 1.495846e+01
  Iteration   3: residual = 9.548273e+00
  Iteration   4: residual = 7.396166e+00
  Iteration   5: residual = 5.862059e+00
  Iteration  10: residual = 1.539237e+00
  Iteration  15: residual = 4.873529e-01
  Iteration  20: residual = 1.564856e-01
  Iteration  25: residual = 5.726486e-02
  Iteration  30: residual = 2.223733e-02
  Iteration  35: residual = 9.040877e-03
  ✓ Converged after 36 iterations
  ✓ I = 23804.847 pA (iterations: 36)

  --- Bias 12/41: V = 0.110 V ---
  Multimode SCBA: 9 transverse modes, 50 energies, 71 sites
  Iteration   0: residual = 3.615487e+01
  Iteration   1: residual = 2.349488e+01
  Iteration   2: residual = 1.495846e+01
  Iteration   3: residual = 9.548273e+00
  Iteration   4: residual = 7.396166e+00
  Iteration   5: residual = 5.862059e+00
  Iteration  10: residual = 1.539237e+00
  Iteration  15: residual = 4.873529e-01
  Iteration  20: residual = 1.564856e-01
  Iteration  25: residual = 5.726486e-02
  Iteration  30: residual = 2.223733e-02
  Iteration  35: residual = 9.040877e-03
  ✓ Converged after 36 iterations
  ✓ I = 28925.409 pA (iterations: 36)

  --- Bias 13/41: V = 0.120 V ---
  Multimode SCBA: 9 transverse modes, 50 energies, 71 sites
  Iteration   0: residual = 3.615487e+01
  Iteration   1: residual = 2.349488e+01
  Iteration   2: residual = 1.495846e+01
  Iteration   3: residual = 9.548273e+00
  Iteration   4: residual = 7.396166e+00
  Iteration   5: residual = 5.862059e+00
  Iteration  10: residual = 1.539237e+00
  Iteration  15: residual = 4.873529e-01
  Iteration  20: residual = 1.564856e-01
  Iteration  25: residual = 5.726486e-02
  Iteration  30: residual = 2.223733e-02
  Iteration  35: residual = 9.040877e-03
  ✓ Converged after 36 iterations
  ✓ I = 35056.335 pA (iterations: 36)

  --- Bias 14/41: V = 0.130 V ---
  Multimode SCBA: 9 transverse modes, 50 energies, 71 sites
  Iteration   0: residual = 3.615487e+01
  Iteration   1: residual = 2.349488e+01
  Iteration   2: residual = 1.495846e+01
  Iteration   3: residual = 9.548273e+00
  Iteration   4: residual = 7.396166e+00
  Iteration   5: residual = 5.862059e+00
  Iteration  10: residual = 1.539237e+00
  Iteration  15: residual = 4.873529e-01
  Iteration  20: residual = 1.564856e-01
  Iteration  25: residual = 5.726486e-02
  Iteration  30: residual = 2.223733e-02
  Iteration  35: residual = 9.040877e-03
  ✓ Converged after 36 iterations
  ✓ I = 42410.713 pA (iterations: 36)

  --- Bias 15/41: V = 0.140 V ---
  Multimode SCBA: 9 transverse modes, 50 energies, 71 sites
  Iteration   0: residual = 3.615487e+01
  Iteration   1: residual = 2.349488e+01
  Iteration   2: residual = 1.495846e+01
  Iteration   3: residual = 9.548273e+00
  Iteration   4: residual = 7.396166e+00
  Iteration   5: residual = 5.862059e+00
  Iteration  10: residual = 1.539237e+00
  Iteration  15: residual = 4.873529e-01
  Iteration  20: residual = 1.564856e-01
  Iteration  25: residual = 5.726486e-02
  Iteration  30: residual = 2.223733e-02
  Iteration  35: residual = 9.040877e-03
  ✓ Converged after 36 iterations
  ✓ I = 51245.525 pA (iterations: 36)

  --- Bias 16/41: V = 0.150 V ---
  Multimode SCBA: 9 transverse modes, 50 energies, 71 sites
  Iteration   0: residual = 3.615487e+01
  Iteration   1: residual = 2.349488e+01
  Iteration   2: residual = 1.495846e+01
  Iteration   3: residual = 9.548273e+00
  Iteration   4: residual = 7.396166e+00
  Iteration   5: residual = 5.862059e+00
  Iteration  10: residual = 1.539237e+00
  Iteration  15: residual = 4.873529e-01
  Iteration  20: residual = 1.564856e-01
  Iteration  25: residual = 5.726486e-02
  Iteration  30: residual = 2.223733e-02
  Iteration  35: residual = 9.040877e-03
  ✓ Converged after 36 iterations
  ✓ I = 61871.335 pA (iterations: 36)

  --- Bias 17/41: V = 0.160 V ---
  Multimode SCBA: 9 transverse modes, 50 energies, 71 sites
  Iteration   0: residual = 3.615487e+01
  Iteration   1: residual = 2.349488e+01
  Iteration   2: residual = 1.495846e+01
  Iteration   3: residual = 9.548273e+00
  Iteration   4: residual = 7.396166e+00
  Iteration   5: residual = 5.862059e+00
  Iteration  10: residual = 1.539237e+00
  Iteration  15: residual = 4.873529e-01
  Iteration  20: residual = 1.564856e-01
  Iteration  25: residual = 5.726486e-02
  Iteration  30: residual = 2.223733e-02
  Iteration  35: residual = 9.040877e-03
  ✓ Converged after 36 iterations
  ✓ I = 74663.830 pA (iterations: 36)

  --- Bias 18/41: V = 0.170 V ---
  Multimode SCBA: 9 transverse modes, 50 energies, 71 sites
  Iteration   0: residual = 3.615487e+01
  Iteration   1: residual = 2.349488e+01
  Iteration   2: residual = 1.495846e+01
  Iteration   3: residual = 9.548273e+00
  Iteration   4: residual = 7.396166e+00
  Iteration   5: residual = 5.862059e+00
  Iteration  10: residual = 1.539237e+00
  Iteration  15: residual = 4.873529e-01
  Iteration  20: residual = 1.564856e-01
  Iteration  25: residual = 5.726486e-02
  Iteration  30: residual = 2.223733e-02
  Iteration  35: residual = 9.040877e-03
  ✓ Converged after 36 iterations
  ✓ I = 90077.487 pA (iterations: 36)

  --- Bias 19/41: V = 0.180 V ---
  Multimode SCBA: 9 transverse modes, 50 energies, 71 sites
  Iteration   0: residual = 3.615487e+01
  Iteration   1: residual = 2.349488e+01
  Iteration   2: residual = 1.495846e+01
  Iteration   3: residual = 9.548273e+00
  Iteration   4: residual = 7.396166e+00
  Iteration   5: residual = 5.862059e+00
  Iteration  10: residual = 1.539237e+00
  Iteration  15: residual = 4.873529e-01
  Iteration  20: residual = 1.564856e-01
  Iteration  25: residual = 5.726486e-02
  Iteration  30: residual = 2.223733e-02
  Iteration  35: residual = 9.040877e-03
  ✓ Converged after 36 iterations
  ✓ I = 108661.670 pA (iterations: 36)

  --- Bias 20/41: V = 0.190 V ---
  Multimode SCBA: 9 transverse modes, 50 energies, 71 sites
  Iteration   0: residual = 3.615487e+01
  Iteration   1: residual = 2.349488e+01
  Iteration   2: residual = 1.495846e+01
  Iteration   3: residual = 9.548273e+00
  Iteration   4: residual = 7.396166e+00
  Iteration   5: residual = 5.862059e+00
  Iteration  10: residual = 1.539237e+00
  Iteration  15: residual = 4.873529e-01
  Iteration  20: residual = 1.564856e-01
  Iteration  25: residual = 5.726486e-02
  Iteration  30: residual = 2.223733e-02
  Iteration  35: residual = 9.040877e-03
  ✓ Converged after 36 iterations
  ✓ I = 131079.490 pA (iterations: 36)

  --- Bias 21/41: V = 0.200 V ---
  Multimode SCBA: 9 transverse modes, 50 energies, 71 sites
  Iteration   0: residual = 3.615487e+01
  Iteration   1: residual = 2.349488e+01
  Iteration   2: residual = 1.495846e+01
  Iteration   3: residual = 9.548273e+00
  Iteration   4: residual = 7.396166e+00
  Iteration   5: residual = 5.862059e+00
  Iteration  10: residual = 1.539237e+00
  Iteration  15: residual = 4.873529e-01
  Iteration  20: residual = 1.564856e-01
  Iteration  25: residual = 5.726486e-02
  Iteration  30: residual = 2.223733e-02
  Iteration  35: residual = 9.040877e-03
  ✓ Converged after 36 iterations
  ✓ I = 158129.850 pA (iterations: 36)

  --- Bias 22/41: V = 0.210 V ---
  Multimode SCBA: 9 transverse modes, 50 energies, 71 sites
  Iteration   0: residual = 3.615487e+01
  Iteration   1: residual = 2.349488e+01
  Iteration   2: residual = 1.495846e+01
  Iteration   3: residual = 9.548273e+00
  Iteration   4: residual = 7.396166e+00
  Iteration   5: residual = 5.862059e+00
  Iteration  10: residual = 1.539237e+00
  Iteration  15: residual = 4.873529e-01
  Iteration  20: residual = 1.564856e-01
  Iteration  25: residual = 5.726486e-02
  Iteration  30: residual = 2.223733e-02
  Iteration  35: residual = 9.040877e-03
  ✓ Converged after 36 iterations
  ✓ I = 190773.055 pA (iterations: 36)

  --- Bias 23/41: V = 0.220 V ---
  Multimode SCBA: 9 transverse modes, 50 energies, 71 sites
  Iteration   0: residual = 3.615487e+01
  Iteration   1: residual = 2.349488e+01
  Iteration   2: residual = 1.495846e+01
  Iteration   3: residual = 9.548273e+00
  Iteration   4: residual = 7.396166e+00
  Iteration   5: residual = 5.862059e+00
  Iteration  10: residual = 1.539237e+00
  Iteration  15: residual = 4.873529e-01
  Iteration  20: residual = 1.564856e-01
  Iteration  25: residual = 5.726486e-02
  Iteration  30: residual = 2.223733e-02
  Iteration  35: residual = 9.040877e-03
  ✓ Converged after 36 iterations
  ✓ I = 230160.398 pA (iterations: 36)

  --- Bias 24/41: V = 0.230 V ---
  Multimode SCBA: 9 transverse modes, 50 energies, 71 sites
  Iteration   0: residual = 3.615487e+01
  Iteration   1: residual = 2.349488e+01
  Iteration   2: residual = 1.495846e+01
  Iteration   3: residual = 9.548273e+00
  Iteration   4: residual = 7.396166e+00
  Iteration   5: residual = 5.862059e+00
  Iteration  10: residual = 1.539237e+00
  Iteration  15: residual = 4.873529e-01
  Iteration  20: residual = 1.564856e-01
  Iteration  25: residual = 5.726486e-02
  Iteration  30: residual = 2.223733e-02
  Iteration  35: residual = 9.040877e-03
  ✓ Converged after 36 iterations
  ✓ I = 277667.996 pA (iterations: 36)

  --- Bias 25/41: V = 0.240 V ---
  Multimode SCBA: 9 transverse modes, 50 energies, 71 sites
  Iteration   0: residual = 3.615487e+01
  Iteration   1: residual = 2.349488e+01
  Iteration   2: residual = 1.495846e+01
  Iteration   3: residual = 9.548273e+00
  Iteration   4: residual = 7.396166e+00
  Iteration   5: residual = 5.862059e+00
  Iteration  10: residual = 1.539237e+00
  Iteration  15: residual = 4.873529e-01
  Iteration  20: residual = 1.564856e-01
  Iteration  25: residual = 5.726486e-02
  Iteration  30: residual = 2.223733e-02
  Iteration  35: residual = 9.040877e-03
  ✓ Converged after 36 iterations
  ✓ I = 334935.021 pA (iterations: 36)

  --- Bias 26/41: V = 0.250 V ---
  Multimode SCBA: 9 transverse modes, 50 energies, 71 sites
  Iteration   0: residual = 3.615487e+01
  Iteration   1: residual = 2.349488e+01
  Iteration   2: residual = 1.495846e+01
  Iteration   3: residual = 9.548273e+00
  Iteration   4: residual = 7.396166e+00
  Iteration   5: residual = 5.862059e+00
  Iteration  10: residual = 1.539237e+00
  Iteration  15: residual = 4.873529e-01
  Iteration  20: residual = 1.564856e-01
  Iteration  25: residual = 5.726486e-02
  Iteration  30: residual = 2.223733e-02
  Iteration  35: residual = 9.040877e-03
  ✓ Converged after 36 iterations
  ✓ I = 403906.108 pA (iterations: 36)

  --- Bias 27/41: V = 0.260 V ---
  Multimode SCBA: 9 transverse modes, 50 energies, 71 sites
  Iteration   0: residual = 3.615487e+01
  Iteration   1: residual = 2.349488e+01
  Iteration   2: residual = 1.495846e+01
  Iteration   3: residual = 9.548273e+00
  Iteration   4: residual = 7.396166e+00
  Iteration   5: residual = 5.862059e+00
  Iteration  10: residual = 1.539237e+00
  Iteration  15: residual = 4.873529e-01
  Iteration  20: residual = 1.564856e-01
  Iteration  25: residual = 5.726486e-02
  Iteration  30: residual = 2.223733e-02
  Iteration  35: residual = 9.040877e-03
  ✓ Converged after 36 iterations
  ✓ I = 486877.290 pA (iterations: 36)

  --- Bias 28/41: V = 0.270 V ---
  Multimode SCBA: 9 transverse modes, 50 energies, 71 sites
  Iteration   0: residual = 3.615487e+01
  Iteration   1: residual = 2.349488e+01
  Iteration   2: residual = 1.495846e+01
  Iteration   3: residual = 9.548273e+00
  Iteration   4: residual = 7.396166e+00
  Iteration   5: residual = 5.862059e+00
  Iteration  10: residual = 1.539237e+00
  Iteration  15: residual = 4.873529e-01
  Iteration  20: residual = 1.564856e-01
  Iteration  25: residual = 5.726486e-02
  Iteration  30: residual = 2.223733e-02
  Iteration  35: residual = 9.040877e-03
  ✓ Converged after 36 iterations
  ✓ I = 586544.116 pA (iterations: 36)

  --- Bias 29/41: V = 0.280 V ---
  Multimode SCBA: 9 transverse modes, 50 energies, 71 sites
  Iteration   0: residual = 3.615487e+01
  Iteration   1: residual = 2.349488e+01
  Iteration   2: residual = 1.495846e+01
  Iteration   3: residual = 9.548273e+00
  Iteration   4: residual = 7.396166e+00
  Iteration   5: residual = 5.862059e+00
  Iteration  10: residual = 1.539237e+00
  Iteration  15: residual = 4.873529e-01
  Iteration  20: residual = 1.564856e-01
  Iteration  25: residual = 5.726486e-02
  Iteration  30: residual = 2.223733e-02
  Iteration  35: residual = 9.040877e-03
  ✓ Converged after 36 iterations
  ✓ I = 706049.664 pA (iterations: 36)

  --- Bias 30/41: V = 0.290 V ---
  Multimode SCBA: 9 transverse modes, 50 energies, 71 sites
  Iteration   0: residual = 3.615487e+01
  Iteration   1: residual = 2.349488e+01
  Iteration   2: residual = 1.495846e+01
  Iteration   3: residual = 9.548273e+00
  Iteration   4: residual = 7.396166e+00
  Iteration   5: residual = 5.862059e+00
  Iteration  10: residual = 1.539237e+00
  Iteration  15: residual = 4.873529e-01
  Iteration  20: residual = 1.564856e-01
  Iteration  25: residual = 5.726486e-02
  Iteration  30: residual = 2.223733e-02
  Iteration  35: residual = 9.040877e-03
  ✓ Converged after 36 iterations
  ✓ I = 849028.927 pA (iterations: 36)

  --- Bias 31/41: V = 0.300 V ---
  Multimode SCBA: 9 transverse modes, 50 energies, 71 sites
  Iteration   0: residual = 3.615487e+01
  Iteration   1: residual = 2.349488e+01
  Iteration   2: residual = 1.495846e+01
  Iteration   3: residual = 9.548273e+00
  Iteration   4: residual = 7.396166e+00
  Iteration   5: residual = 5.862059e+00
  Iteration  10: residual = 1.539237e+00
  Iteration  15: residual = 4.873529e-01
  Iteration  20: residual = 1.564856e-01
  Iteration  25: residual = 5.726486e-02
  Iteration  30: residual = 2.223733e-02
  Iteration  35: residual = 9.040877e-03
  ✓ Converged after 36 iterations
  ✓ I = 1019644.531 pA (iterations: 36)

  --- Bias 32/41: V = 0.310 V ---
  Multimode SCBA: 9 transverse modes, 50 energies, 71 sites
  Iteration   0: residual = 3.615487e+01
  Iteration   1: residual = 2.349488e+01
  Iteration   2: residual = 1.495846e+01
  Iteration   3: residual = 9.548273e+00
  Iteration   4: residual = 7.396166e+00
  Iteration   5: residual = 5.862059e+00
  Iteration  10: residual = 1.539237e+00
  Iteration  15: residual = 4.873529e-01
  Iteration  20: residual = 1.564856e-01
  Iteration  25: residual = 5.726486e-02
  Iteration  30: residual = 2.223733e-02
  Iteration  35: residual = 9.040877e-03
  ✓ Converged after 36 iterations
  ✓ I = 1222606.953 pA (iterations: 36)

  --- Bias 33/41: V = 0.320 V ---
  Multimode SCBA: 9 transverse modes, 50 energies, 71 sites
  Iteration   0: residual = 3.615487e+01
  Iteration   1: residual = 2.349488e+01
  Iteration   2: residual = 1.495846e+01
  Iteration   3: residual = 9.548273e+00
  Iteration   4: residual = 7.396166e+00
  Iteration   5: residual = 5.862059e+00
  Iteration  10: residual = 1.539237e+00
  Iteration  15: residual = 4.873529e-01
  Iteration  20: residual = 1.564856e-01
  Iteration  25: residual = 5.726486e-02
  Iteration  30: residual = 2.223733e-02
  Iteration  35: residual = 9.040877e-03
  ✓ Converged after 36 iterations
  ✓ I = 1463170.595 pA (iterations: 36)

  --- Bias 34/41: V = 0.330 V ---
  Multimode SCBA: 9 transverse modes, 50 energies, 71 sites
  Iteration   0: residual = 3.615487e+01
  Iteration   1: residual = 2.349488e+01
  Iteration   2: residual = 1.495846e+01
  Iteration   3: residual = 9.548273e+00
  Iteration   4: residual = 7.396166e+00
  Iteration   5: residual = 5.862059e+00
  Iteration  10: residual = 1.539237e+00
  Iteration  15: residual = 4.873529e-01
  Iteration  20: residual = 1.564856e-01
  Iteration  25: residual = 5.726486e-02
  Iteration  30: residual = 2.223733e-02
  Iteration  35: residual = 9.040877e-03
  ✓ Converged after 36 iterations
  ✓ I = 1747095.443 pA (iterations: 36)

  --- Bias 35/41: V = 0.340 V ---
  Multimode SCBA: 9 transverse modes, 50 energies, 71 sites
  Iteration   0: residual = 3.615487e+01
  Iteration   1: residual = 2.349488e+01
  Iteration   2: residual = 1.495846e+01
  Iteration   3: residual = 9.548273e+00
  Iteration   4: residual = 7.396166e+00
  Iteration   5: residual = 5.862059e+00
  Iteration  10: residual = 1.539237e+00
  Iteration  15: residual = 4.873529e-01
  Iteration  20: residual = 1.564856e-01
  Iteration  25: residual = 5.726486e-02
  Iteration  30: residual = 2.223733e-02
  Iteration  35: residual = 9.040877e-03
  ✓ Converged after 36 iterations
  ✓ I = 2080563.196 pA (iterations: 36)

  --- Bias 36/41: V = 0.350 V ---
  Multimode SCBA: 9 transverse modes, 50 energies, 71 sites
  Iteration   0: residual = 3.615487e+01
  Iteration   1: residual = 2.349488e+01
  Iteration   2: residual = 1.495846e+01
  Iteration   3: residual = 9.548273e+00
  Iteration   4: residual = 7.396166e+00
  Iteration   5: residual = 5.862059e+00
  Iteration  10: residual = 1.539237e+00
  Iteration  15: residual = 4.873529e-01
  Iteration  20: residual = 1.564856e-01
  Iteration  25: residual = 5.726486e-02
  Iteration  30: residual = 2.223733e-02
  Iteration  35: residual = 9.040877e-03
  ✓ Converged after 36 iterations
  ✓ I = 2470037.331 pA (iterations: 36)

  --- Bias 37/41: V = 0.360 V ---
  Multimode SCBA: 9 transverse modes, 50 energies, 71 sites
  Iteration   0: residual = 3.615487e+01
  Iteration   1: residual = 2.349488e+01
  Iteration   2: residual = 1.495846e+01
  Iteration   3: residual = 9.548273e+00
  Iteration   4: residual = 7.396166e+00
  Iteration   5: residual = 5.862059e+00
  Iteration  10: residual = 1.539237e+00
  Iteration  15: residual = 4.873529e-01
  Iteration  20: residual = 1.564856e-01
  Iteration  25: residual = 5.726486e-02
  Iteration  30: residual = 2.223733e-02
  Iteration  35: residual = 9.040877e-03
  ✓ Converged after 36 iterations
  ✓ I = 2922059.247 pA (iterations: 36)

  --- Bias 38/41: V = 0.370 V ---
  Multimode SCBA: 9 transverse modes, 50 energies, 71 sites
  Iteration   0: residual = 3.615487e+01
  Iteration   1: residual = 2.349488e+01
  Iteration   2: residual = 1.495846e+01
  Iteration   3: residual = 9.548273e+00
  Iteration   4: residual = 7.396166e+00
  Iteration   5: residual = 5.862059e+00
  Iteration  10: residual = 1.539237e+00
  Iteration  15: residual = 4.873529e-01
  Iteration  20: residual = 1.564856e-01
  Iteration  25: residual = 5.726486e-02
  Iteration  30: residual = 2.223733e-02
  Iteration  35: residual = 9.040877e-03
  ✓ Converged after 36 iterations
  ✓ I = 3442978.163 pA (iterations: 36)

  --- Bias 39/41: V = 0.380 V ---
  Multimode SCBA: 9 transverse modes, 50 energies, 71 sites
  Iteration   0: residual = 3.615487e+01
  Iteration   1: residual = 2.349488e+01
  Iteration   2: residual = 1.495846e+01
  Iteration   3: residual = 9.548273e+00
  Iteration   4: residual = 7.396166e+00
  Iteration   5: residual = 5.862059e+00
  Iteration  10: residual = 1.539237e+00
  Iteration  15: residual = 4.873529e-01
  Iteration  20: residual = 1.564856e-01
  Iteration  25: residual = 5.726486e-02
  Iteration  30: residual = 2.223733e-02
  Iteration  35: residual = 9.040877e-03
  ✓ Converged after 36 iterations
  ✓ I = 4038620.756 pA (iterations: 36)

  --- Bias 40/41: V = 0.390 V ---
  Multimode SCBA: 9 transverse modes, 50 energies, 71 sites
  Iteration   0: residual = 3.615487e+01
  Iteration   1: residual = 2.349488e+01
  Iteration   2: residual = 1.495846e+01
  Iteration   3: residual = 9.548273e+00
  Iteration   4: residual = 7.396166e+00
  Iteration   5: residual = 5.862059e+00
  Iteration  10: residual = 1.539237e+00
  Iteration  15: residual = 4.873529e-01
  Iteration  20: residual = 1.564856e-01
  Iteration  25: residual = 5.726486e-02
  Iteration  30: residual = 2.223733e-02
  Iteration  35: residual = 9.040877e-03
  ✓ Converged after 36 iterations
  ✓ I = 4713916.827 pA (iterations: 36)

  --- Bias 41/41: V = 0.400 V ---
  Multimode SCBA: 9 transverse modes, 50 energies, 71 sites
  Iteration   0: residual = 3.615487e+01
  Iteration   1: residual = 2.349488e+01
  Iteration   2: residual = 1.495846e+01
  Iteration   3: residual = 9.548273e+00
  Iteration   4: residual = 7.396166e+00
  Iteration   5: residual = 5.862059e+00
  Iteration  10: residual = 1.539237e+00
  Iteration  15: residual = 4.873529e-01
  Iteration  20: residual = 1.564856e-01
  Iteration  25: residual = 5.726486e-02
  Iteration  30: residual = 2.223733e-02
  Iteration  35: residual = 9.040877e-03
  ✓ Converged after 36 iterations
  ✓ I = 5472507.621 pA (iterations: 36)

[5/5] Computing IETS spectrum...
  dI/dV range: 1.404e-07 to 7.586e-05 S
  d²I/dV² range: 2.526e-07 to 7.933e-04 S/V
  Positive features: 41/41

======================================================================
SIMULATION COMPLETE in 11164.5 seconds
======================================================================


======================================================================
SIMULATION COMPLETE!
======================================================================

Total time: 11164.5 seconds (186.07 minutes)
Time per bias point: 272.3 seconds

======================================================================
RESULTS ANALYSIS
======================================================================

I-V Curve:
  Voltage range: 0.000 to 0.400 V
  Current range: 0.000 to 5472.508 nA
  I(V=0) = 0.000000 pA

IETS Spectrum (d²I/dV²):
  Range: 0.253 to 793.313 µS/V

  Detected peaks: 1

  Peak analysis:
  Peak   Voltage (V)     Energy (meV)    d²I/dV² (µS/V)
  ------------------------------------------------------------
  1      0.380           380.0           793.313        

  Expected Benzene modes:
    Mode 1:   49.5 meV (~0.050 V)
    Mode 2:   79.0 meV (~0.079 V)
    Mode 3:  134.4 meV (~0.134 V)
    Mode 4:  184.1 meV (~0.184 V)
    Mode 5:  395.4 meV (~0.395 V)

SCBA Convergence:
  Converged bias points: 41/41
  Average iterations: 36.0

======================================================================
CREATING HIGH-RESOLUTION PLOTS
======================================================================

Plots saved to: benzene_highres_results.png
Data saved to: benzene_highres_data.npz

======================================================================
✓ HIGH-RESOLUTION IETS COMPLETE!
======================================================================
